<?xml version="1.0" encoding="UTF-8"?>
<!-- Generated by org.testng.reporters.JUnitXMLReporter -->
<testsuite ignored="0" hostname="IB-Pune-LAP-358" failures="0" tests="5" name="Default test" time="11.115" errors="0" timestamp="2022-11-16T10:44:16 IST">
  <testcase classname="ecom.Login" name="logintest" time="5.88"/>
  <testcase classname="ecom.Login" name="createproduct" time="2.506"/>
  <testcase classname="ecom.Login" name="createorder" time="1.07"/>
  <testcase classname="ecom.Login" name="getorder" time="0.757"/>
  <testcase classname="ecom.Login" name="deleteproduct" time="0.807"/>
</testsuite> <!-- Default test -->
