<?xml version="1.0" encoding="UTF-8"?>
<!-- Generated by org.testng.reporters.JUnitXMLReporter -->
<testsuite ignored="0" hostname="IB-Pune-LAP-358" failures="0" tests="5" name="Test" time="5.481" errors="0" timestamp="2022-11-17T17:04:17 IST">
  <testcase classname="ecom.Login" name="logintest" time="3.557"/>
  <testcase classname="ecom.Login" name="createproduct" time="1.107"/>
  <testcase classname="ecom.Login" name="createorder" time="0.241"/>
  <testcase classname="ecom.Login" name="getorder" time="0.211"/>
  <testcase classname="ecom.Login" name="deleteproduct" time="0.258"/>
</testsuite> <!-- Test -->
