<?xml version="1.0" encoding="UTF-8"?>
<!-- Generated by org.testng.reporters.JUnitXMLReporter -->
<testsuite ignored="0" hostname="IB-Pune-LAP-358" failures="0" tests="5" name="Test" time="11.338" errors="0" timestamp="2022-11-16T10:50:09 IST">
  <testcase classname="ecom.Login" name="logintest" time="4.936"/>
  <testcase classname="ecom.Login" name="createproduct" time="3.453"/>
  <testcase classname="ecom.Login" name="createorder" time="1.173"/>
  <testcase classname="ecom.Login" name="getorder" time="1.03"/>
  <testcase classname="ecom.Login" name="deleteproduct" time="0.643"/>
</testsuite> <!-- Test -->
