<?xml version="1.0" encoding="UTF-8"?>
<testng-results ignored="0" total="5" passed="5" failed="0" skipped="0">
  <reporter-output>
  </reporter-output>
  <suite started-at="2022-11-17T17:04:12 IST" name="Suite" finished-at="2022-11-17T17:04:17 IST" duration-ms="5481">
    <groups>
    </groups>
    <test started-at="2022-11-17T17:04:12 IST" name="Test" finished-at="2022-11-17T17:04:17 IST" duration-ms="5481">
      <class name="ecom.Login">
        <test-method is-config="true" signature="setup()[pri:0, instance:ecom.Login@6cce16f4]" started-at="2022-11-17T17:04:12 IST" name="setup" finished-at="2022-11-17T17:04:12 IST" duration-ms="4" status="PASS">
          <reporter-output>
          </reporter-output>
        </test-method> <!-- setup -->
        <test-method signature="logintest(org.testng.ITestContext)[pri:1, instance:ecom.Login@6cce16f4]" started-at="2022-11-17T17:04:12 IST" name="logintest" finished-at="2022-11-17T17:04:15 IST" duration-ms="3557" status="PASS">
          <params>
            <param index="0">
              <value>
                <![CDATA[org.testng.TestRunner@3212a8d7]]>
              </value>
            </param>
          </params>
          <reporter-output>
          </reporter-output>
        </test-method> <!-- logintest -->
        <test-method is-config="true" signature="setup()[pri:0, instance:ecom.Login@6cce16f4]" started-at="2022-11-17T17:04:15 IST" name="setup" finished-at="2022-11-17T17:04:15 IST" duration-ms="1" status="PASS">
          <reporter-output>
          </reporter-output>
        </test-method> <!-- setup -->
        <test-method signature="createproduct(org.testng.ITestContext)[pri:2, instance:ecom.Login@6cce16f4]" started-at="2022-11-17T17:04:15 IST" name="createproduct" finished-at="2022-11-17T17:04:17 IST" duration-ms="1107" status="PASS">
          <params>
            <param index="0">
              <value>
                <![CDATA[org.testng.TestRunner@3212a8d7]]>
              </value>
            </param>
          </params>
          <reporter-output>
          </reporter-output>
        </test-method> <!-- createproduct -->
        <test-method is-config="true" signature="setup()[pri:0, instance:ecom.Login@6cce16f4]" started-at="2022-11-17T17:04:17 IST" name="setup" finished-at="2022-11-17T17:04:17 IST" duration-ms="3" status="PASS">
          <reporter-output>
          </reporter-output>
        </test-method> <!-- setup -->
        <test-method signature="createorder(org.testng.ITestContext)[pri:3, instance:ecom.Login@6cce16f4]" started-at="2022-11-17T17:04:17 IST" name="createorder" finished-at="2022-11-17T17:04:17 IST" duration-ms="241" status="PASS">
          <params>
            <param index="0">
              <value>
                <![CDATA[org.testng.TestRunner@3212a8d7]]>
              </value>
            </param>
          </params>
          <reporter-output>
          </reporter-output>
        </test-method> <!-- createorder -->
        <test-method is-config="true" signature="setup()[pri:0, instance:ecom.Login@6cce16f4]" started-at="2022-11-17T17:04:17 IST" name="setup" finished-at="2022-11-17T17:04:17 IST" duration-ms="1" status="PASS">
          <reporter-output>
          </reporter-output>
        </test-method> <!-- setup -->
        <test-method signature="getorder(org.testng.ITestContext)[pri:4, instance:ecom.Login@6cce16f4]" started-at="2022-11-17T17:04:17 IST" name="getorder" finished-at="2022-11-17T17:04:17 IST" duration-ms="211" status="PASS">
          <params>
            <param index="0">
              <value>
                <![CDATA[org.testng.TestRunner@3212a8d7]]>
              </value>
            </param>
          </params>
          <reporter-output>
          </reporter-output>
        </test-method> <!-- getorder -->
        <test-method is-config="true" signature="setup()[pri:0, instance:ecom.Login@6cce16f4]" started-at="2022-11-17T17:04:17 IST" name="setup" finished-at="2022-11-17T17:04:17 IST" duration-ms="2" status="PASS">
          <reporter-output>
          </reporter-output>
        </test-method> <!-- setup -->
        <test-method signature="deleteproduct(org.testng.ITestContext)[pri:5, instance:ecom.Login@6cce16f4]" started-at="2022-11-17T17:04:17 IST" name="deleteproduct" finished-at="2022-11-17T17:04:17 IST" duration-ms="258" status="PASS">
          <params>
            <param index="0">
              <value>
                <![CDATA[org.testng.TestRunner@3212a8d7]]>
              </value>
            </param>
          </params>
          <reporter-output>
          </reporter-output>
        </test-method> <!-- deleteproduct -->
      </class> <!-- ecom.Login -->
    </test> <!-- Test -->
  </suite> <!-- Suite -->
</testng-results>
